2021-05-02 15:25:00 [ ERROR ] [ cms.web.action.lucene.TopicIndexManage ] 更新话题索引(由定时器触发)
java.lang.IllegalArgumentException: value must not be null
	at org.apache.lucene.document.Field.<init>(Field.java:239) ~[lucene-core-7.2.1.jar:7.2.1 b2b6438b37073bee1fca40374e85bf91aa457c0b - ubuntu - 2018-01-10 00:48:43]
	at org.apache.lucene.document.TextField.<init>(TextField.java:67) ~[lucene-core-7.2.1.jar:7.2.1 b2b6438b37073bee1fca40374e85bf91aa457c0b - ubuntu - 2018-01-10 00:48:43]
	at cms.web.action.lucene.TopicLuceneManage.addIndex(TopicLuceneManage.java:108) ~[classes/:?]
	at cms.web.action.lucene.TopicIndexManage.updateTopicIndex(TopicIndexManage.java:122) [classes/:?]
	at cms.web.action.lucene.TopicIndexManage$$FastClassBySpringCGLIB$$1d7ccefb.invoke(<generated>) [classes/:?]
	at org.springframework.cglib.proxy.MethodProxy.invoke(MethodProxy.java:204) [spring-core-5.0.7.RELEASE.jar:5.0.7.RELEASE]
	at org.springframework.aop.framework.CglibAopProxy$DynamicAdvisedInterceptor.intercept(CglibAopProxy.java:684) [spring-aop-5.0.7.RELEASE.jar:5.0.7.RELEASE]
	at cms.web.action.lucene.TopicIndexManage$$EnhancerBySpringCGLIB$$65b9b560.updateTopicIndex(<generated>) [classes/:?]
	at cms.web.action.quartz.Task.topicIndex(Task.java:27) [classes/:?]
	at sun.reflect.NativeMethodAccessorImpl.invoke0(Native Method) ~[?:1.8.0_181]
	at sun.reflect.NativeMethodAccessorImpl.invoke(NativeMethodAccessorImpl.java:62) ~[?:1.8.0_181]
	at sun.reflect.DelegatingMethodAccessorImpl.invoke(DelegatingMethodAccessorImpl.java:43) ~[?:1.8.0_181]
	at java.lang.reflect.Method.invoke(Method.java:498) ~[?:1.8.0_181]
	at org.springframework.scheduling.support.ScheduledMethodRunnable.run(ScheduledMethodRunnable.java:65) [spring-context-5.0.7.RELEASE.jar:5.0.7.RELEASE]
	at org.springframework.scheduling.support.DelegatingErrorHandlingRunnable.run(DelegatingErrorHandlingRunnable.java:54) [spring-context-5.0.7.RELEASE.jar:5.0.7.RELEASE]
	at org.springframework.scheduling.concurrent.ReschedulingRunnable.run(ReschedulingRunnable.java:93) [spring-context-5.0.7.RELEASE.jar:5.0.7.RELEASE]
	at java.util.concurrent.Executors$RunnableAdapter.call(Executors.java:511) [?:1.8.0_181]
	at java.util.concurrent.FutureTask.run(FutureTask.java:266) [?:1.8.0_181]
	at java.util.concurrent.ScheduledThreadPoolExecutor$ScheduledFutureTask.access$201(ScheduledThreadPoolExecutor.java:180) [?:1.8.0_181]
	at java.util.concurrent.ScheduledThreadPoolExecutor$ScheduledFutureTask.run(ScheduledThreadPoolExecutor.java:293) [?:1.8.0_181]
	at java.util.concurrent.ThreadPoolExecutor.runWorker(ThreadPoolExecutor.java:1149) [?:1.8.0_181]
	at java.util.concurrent.ThreadPoolExecutor$Worker.run(ThreadPoolExecutor.java:624) [?:1.8.0_181]
	at java.lang.Thread.run(Thread.java:748) [?:1.8.0_181]
2021-05-02 15:32:00 [ ERROR ] [ cms.web.action.lucene.TopicIndexManage ] 更新话题索引(由定时器触发)
java.lang.IllegalArgumentException: value must not be null
	at org.apache.lucene.document.Field.<init>(Field.java:239) ~[lucene-core-7.2.1.jar:7.2.1 b2b6438b37073bee1fca40374e85bf91aa457c0b - ubuntu - 2018-01-10 00:48:43]
	at org.apache.lucene.document.TextField.<init>(TextField.java:67) ~[lucene-core-7.2.1.jar:7.2.1 b2b6438b37073bee1fca40374e85bf91aa457c0b - ubuntu - 2018-01-10 00:48:43]
	at cms.web.action.lucene.TopicLuceneManage.addIndex(TopicLuceneManage.java:108) ~[classes/:?]
	at cms.web.action.lucene.TopicIndexManage.updateTopicIndex(TopicIndexManage.java:122) [classes/:?]
	at cms.web.action.lucene.TopicIndexManage$$FastClassBySpringCGLIB$$1d7ccefb.invoke(<generated>) [classes/:?]
	at org.springframework.cglib.proxy.MethodProxy.invoke(MethodProxy.java:204) [spring-core-5.0.7.RELEASE.jar:5.0.7.RELEASE]
	at org.springframework.aop.framework.CglibAopProxy$DynamicAdvisedInterceptor.intercept(CglibAopProxy.java:684) [spring-aop-5.0.7.RELEASE.jar:5.0.7.RELEASE]
	at cms.web.action.lucene.TopicIndexManage$$EnhancerBySpringCGLIB$$65b9b560.updateTopicIndex(<generated>) [classes/:?]
	at cms.web.action.quartz.Task.topicIndex(Task.java:27) [classes/:?]
	at sun.reflect.NativeMethodAccessorImpl.invoke0(Native Method) ~[?:1.8.0_181]
	at sun.reflect.NativeMethodAccessorImpl.invoke(NativeMethodAccessorImpl.java:62) ~[?:1.8.0_181]
	at sun.reflect.DelegatingMethodAccessorImpl.invoke(DelegatingMethodAccessorImpl.java:43) ~[?:1.8.0_181]
	at java.lang.reflect.Method.invoke(Method.java:498) ~[?:1.8.0_181]
	at org.springframework.scheduling.support.ScheduledMethodRunnable.run(ScheduledMethodRunnable.java:65) [spring-context-5.0.7.RELEASE.jar:5.0.7.RELEASE]
	at org.springframework.scheduling.support.DelegatingErrorHandlingRunnable.run(DelegatingErrorHandlingRunnable.java:54) [spring-context-5.0.7.RELEASE.jar:5.0.7.RELEASE]
	at org.springframework.scheduling.concurrent.ReschedulingRunnable.run(ReschedulingRunnable.java:93) [spring-context-5.0.7.RELEASE.jar:5.0.7.RELEASE]
	at java.util.concurrent.Executors$RunnableAdapter.call(Executors.java:511) [?:1.8.0_181]
	at java.util.concurrent.FutureTask.run(FutureTask.java:266) [?:1.8.0_181]
	at java.util.concurrent.ScheduledThreadPoolExecutor$ScheduledFutureTask.access$201(ScheduledThreadPoolExecutor.java:180) [?:1.8.0_181]
	at java.util.concurrent.ScheduledThreadPoolExecutor$ScheduledFutureTask.run(ScheduledThreadPoolExecutor.java:293) [?:1.8.0_181]
	at java.util.concurrent.ThreadPoolExecutor.runWorker(ThreadPoolExecutor.java:1149) [?:1.8.0_181]
	at java.util.concurrent.ThreadPoolExecutor$Worker.run(ThreadPoolExecutor.java:624) [?:1.8.0_181]
	at java.lang.Thread.run(Thread.java:748) [?:1.8.0_181]
2021-05-02 15:33:00 [ ERROR ] [ cms.web.action.lucene.TopicIndexManage ] 更新话题索引(由定时器触发)
java.lang.IllegalArgumentException: value must not be null
	at org.apache.lucene.document.Field.<init>(Field.java:239) ~[lucene-core-7.2.1.jar:7.2.1 b2b6438b37073bee1fca40374e85bf91aa457c0b - ubuntu - 2018-01-10 00:48:43]
	at org.apache.lucene.document.TextField.<init>(TextField.java:67) ~[lucene-core-7.2.1.jar:7.2.1 b2b6438b37073bee1fca40374e85bf91aa457c0b - ubuntu - 2018-01-10 00:48:43]
	at cms.web.action.lucene.TopicLuceneManage.addIndex(TopicLuceneManage.java:108) ~[classes/:?]
	at cms.web.action.lucene.TopicIndexManage.updateTopicIndex(TopicIndexManage.java:122) [classes/:?]
	at cms.web.action.lucene.TopicIndexManage$$FastClassBySpringCGLIB$$1d7ccefb.invoke(<generated>) [classes/:?]
	at org.springframework.cglib.proxy.MethodProxy.invoke(MethodProxy.java:204) [spring-core-5.0.7.RELEASE.jar:5.0.7.RELEASE]
	at org.springframework.aop.framework.CglibAopProxy$DynamicAdvisedInterceptor.intercept(CglibAopProxy.java:684) [spring-aop-5.0.7.RELEASE.jar:5.0.7.RELEASE]
	at cms.web.action.lucene.TopicIndexManage$$EnhancerBySpringCGLIB$$65b9b560.updateTopicIndex(<generated>) [classes/:?]
	at cms.web.action.quartz.Task.topicIndex(Task.java:27) [classes/:?]
	at sun.reflect.NativeMethodAccessorImpl.invoke0(Native Method) ~[?:1.8.0_181]
	at sun.reflect.NativeMethodAccessorImpl.invoke(NativeMethodAccessorImpl.java:62) ~[?:1.8.0_181]
	at sun.reflect.DelegatingMethodAccessorImpl.invoke(DelegatingMethodAccessorImpl.java:43) ~[?:1.8.0_181]
	at java.lang.reflect.Method.invoke(Method.java:498) ~[?:1.8.0_181]
	at org.springframework.scheduling.support.ScheduledMethodRunnable.run(ScheduledMethodRunnable.java:65) [spring-context-5.0.7.RELEASE.jar:5.0.7.RELEASE]
	at org.springframework.scheduling.support.DelegatingErrorHandlingRunnable.run(DelegatingErrorHandlingRunnable.java:54) [spring-context-5.0.7.RELEASE.jar:5.0.7.RELEASE]
	at org.springframework.scheduling.concurrent.ReschedulingRunnable.run(ReschedulingRunnable.java:93) [spring-context-5.0.7.RELEASE.jar:5.0.7.RELEASE]
	at java.util.concurrent.Executors$RunnableAdapter.call(Executors.java:511) [?:1.8.0_181]
	at java.util.concurrent.FutureTask.run(FutureTask.java:266) [?:1.8.0_181]
	at java.util.concurrent.ScheduledThreadPoolExecutor$ScheduledFutureTask.access$201(ScheduledThreadPoolExecutor.java:180) [?:1.8.0_181]
	at java.util.concurrent.ScheduledThreadPoolExecutor$ScheduledFutureTask.run(ScheduledThreadPoolExecutor.java:293) [?:1.8.0_181]
	at java.util.concurrent.ThreadPoolExecutor.runWorker(ThreadPoolExecutor.java:1149) [?:1.8.0_181]
	at java.util.concurrent.ThreadPoolExecutor$Worker.run(ThreadPoolExecutor.java:624) [?:1.8.0_181]
	at java.lang.Thread.run(Thread.java:748) [?:1.8.0_181]
2021-05-02 16:05:00 [ ERROR ] [ cms.web.action.lucene.TopicIndexManage ] 更新话题索引(由定时器触发)
java.lang.IllegalArgumentException: value must not be null
	at org.apache.lucene.document.Field.<init>(Field.java:239) ~[lucene-core-7.2.1.jar:7.2.1 b2b6438b37073bee1fca40374e85bf91aa457c0b - ubuntu - 2018-01-10 00:48:43]
	at org.apache.lucene.document.TextField.<init>(TextField.java:67) ~[lucene-core-7.2.1.jar:7.2.1 b2b6438b37073bee1fca40374e85bf91aa457c0b - ubuntu - 2018-01-10 00:48:43]
	at cms.web.action.lucene.TopicLuceneManage.addIndex(TopicLuceneManage.java:108) ~[classes/:?]
	at cms.web.action.lucene.TopicIndexManage.updateTopicIndex(TopicIndexManage.java:122) [classes/:?]
	at cms.web.action.lucene.TopicIndexManage$$FastClassBySpringCGLIB$$1d7ccefb.invoke(<generated>) [classes/:?]
	at org.springframework.cglib.proxy.MethodProxy.invoke(MethodProxy.java:204) [spring-core-5.0.7.RELEASE.jar:5.0.7.RELEASE]
	at org.springframework.aop.framework.CglibAopProxy$DynamicAdvisedInterceptor.intercept(CglibAopProxy.java:684) [spring-aop-5.0.7.RELEASE.jar:5.0.7.RELEASE]
	at cms.web.action.lucene.TopicIndexManage$$EnhancerBySpringCGLIB$$b9a53daa.updateTopicIndex(<generated>) [classes/:?]
	at cms.web.action.quartz.Task.topicIndex(Task.java:27) [classes/:?]
	at sun.reflect.NativeMethodAccessorImpl.invoke0(Native Method) ~[?:1.8.0_181]
	at sun.reflect.NativeMethodAccessorImpl.invoke(NativeMethodAccessorImpl.java:62) ~[?:1.8.0_181]
	at sun.reflect.DelegatingMethodAccessorImpl.invoke(DelegatingMethodAccessorImpl.java:43) ~[?:1.8.0_181]
	at java.lang.reflect.Method.invoke(Method.java:498) ~[?:1.8.0_181]
	at org.springframework.scheduling.support.ScheduledMethodRunnable.run(ScheduledMethodRunnable.java:65) [spring-context-5.0.7.RELEASE.jar:5.0.7.RELEASE]
	at org.springframework.scheduling.support.DelegatingErrorHandlingRunnable.run(DelegatingErrorHandlingRunnable.java:54) [spring-context-5.0.7.RELEASE.jar:5.0.7.RELEASE]
	at org.springframework.scheduling.concurrent.ReschedulingRunnable.run(ReschedulingRunnable.java:93) [spring-context-5.0.7.RELEASE.jar:5.0.7.RELEASE]
	at java.util.concurrent.Executors$RunnableAdapter.call(Executors.java:511) [?:1.8.0_181]
	at java.util.concurrent.FutureTask.run(FutureTask.java:266) [?:1.8.0_181]
	at java.util.concurrent.ScheduledThreadPoolExecutor$ScheduledFutureTask.access$201(ScheduledThreadPoolExecutor.java:180) [?:1.8.0_181]
	at java.util.concurrent.ScheduledThreadPoolExecutor$ScheduledFutureTask.run(ScheduledThreadPoolExecutor.java:293) [?:1.8.0_181]
	at java.util.concurrent.ThreadPoolExecutor.runWorker(ThreadPoolExecutor.java:1149) [?:1.8.0_181]
	at java.util.concurrent.ThreadPoolExecutor$Worker.run(ThreadPoolExecutor.java:624) [?:1.8.0_181]
	at java.lang.Thread.run(Thread.java:748) [?:1.8.0_181]
2021-05-02 16:09:00 [ ERROR ] [ cms.web.action.lucene.TopicIndexManage ] 更新话题索引(由定时器触发)
java.lang.IllegalArgumentException: value must not be null
	at org.apache.lucene.document.Field.<init>(Field.java:239) ~[lucene-core-7.2.1.jar:7.2.1 b2b6438b37073bee1fca40374e85bf91aa457c0b - ubuntu - 2018-01-10 00:48:43]
	at org.apache.lucene.document.TextField.<init>(TextField.java:67) ~[lucene-core-7.2.1.jar:7.2.1 b2b6438b37073bee1fca40374e85bf91aa457c0b - ubuntu - 2018-01-10 00:48:43]
	at cms.web.action.lucene.TopicLuceneManage.addIndex(TopicLuceneManage.java:108) ~[classes/:?]
	at cms.web.action.lucene.TopicIndexManage.updateTopicIndex(TopicIndexManage.java:122) [classes/:?]
	at cms.web.action.lucene.TopicIndexManage$$FastClassBySpringCGLIB$$1d7ccefb.invoke(<generated>) [classes/:?]
	at org.springframework.cglib.proxy.MethodProxy.invoke(MethodProxy.java:204) [spring-core-5.0.7.RELEASE.jar:5.0.7.RELEASE]
	at org.springframework.aop.framework.CglibAopProxy$DynamicAdvisedInterceptor.intercept(CglibAopProxy.java:684) [spring-aop-5.0.7.RELEASE.jar:5.0.7.RELEASE]
	at cms.web.action.lucene.TopicIndexManage$$EnhancerBySpringCGLIB$$b9a53daa.updateTopicIndex(<generated>) [classes/:?]
	at cms.web.action.quartz.Task.topicIndex(Task.java:27) [classes/:?]
	at sun.reflect.NativeMethodAccessorImpl.invoke0(Native Method) ~[?:1.8.0_181]
	at sun.reflect.NativeMethodAccessorImpl.invoke(NativeMethodAccessorImpl.java:62) ~[?:1.8.0_181]
	at sun.reflect.DelegatingMethodAccessorImpl.invoke(DelegatingMethodAccessorImpl.java:43) ~[?:1.8.0_181]
	at java.lang.reflect.Method.invoke(Method.java:498) ~[?:1.8.0_181]
	at org.springframework.scheduling.support.ScheduledMethodRunnable.run(ScheduledMethodRunnable.java:65) [spring-context-5.0.7.RELEASE.jar:5.0.7.RELEASE]
	at org.springframework.scheduling.support.DelegatingErrorHandlingRunnable.run(DelegatingErrorHandlingRunnable.java:54) [spring-context-5.0.7.RELEASE.jar:5.0.7.RELEASE]
	at org.springframework.scheduling.concurrent.ReschedulingRunnable.run(ReschedulingRunnable.java:93) [spring-context-5.0.7.RELEASE.jar:5.0.7.RELEASE]
	at java.util.concurrent.Executors$RunnableAdapter.call(Executors.java:511) [?:1.8.0_181]
	at java.util.concurrent.FutureTask.run(FutureTask.java:266) [?:1.8.0_181]
	at java.util.concurrent.ScheduledThreadPoolExecutor$ScheduledFutureTask.access$201(ScheduledThreadPoolExecutor.java:180) [?:1.8.0_181]
	at java.util.concurrent.ScheduledThreadPoolExecutor$ScheduledFutureTask.run(ScheduledThreadPoolExecutor.java:293) [?:1.8.0_181]
	at java.util.concurrent.ThreadPoolExecutor.runWorker(ThreadPoolExecutor.java:1149) [?:1.8.0_181]
	at java.util.concurrent.ThreadPoolExecutor$Worker.run(ThreadPoolExecutor.java:624) [?:1.8.0_181]
	at java.lang.Thread.run(Thread.java:748) [?:1.8.0_181]
2021-05-02 16:10:00 [ ERROR ] [ cms.web.action.lucene.TopicIndexManage ] 更新话题索引(由定时器触发)
java.lang.IllegalArgumentException: value must not be null
	at org.apache.lucene.document.Field.<init>(Field.java:239) ~[lucene-core-7.2.1.jar:7.2.1 b2b6438b37073bee1fca40374e85bf91aa457c0b - ubuntu - 2018-01-10 00:48:43]
	at org.apache.lucene.document.TextField.<init>(TextField.java:67) ~[lucene-core-7.2.1.jar:7.2.1 b2b6438b37073bee1fca40374e85bf91aa457c0b - ubuntu - 2018-01-10 00:48:43]
	at cms.web.action.lucene.TopicLuceneManage.addIndex(TopicLuceneManage.java:108) ~[classes/:?]
	at cms.web.action.lucene.TopicIndexManage.updateTopicIndex(TopicIndexManage.java:122) [classes/:?]
	at cms.web.action.lucene.TopicIndexManage$$FastClassBySpringCGLIB$$1d7ccefb.invoke(<generated>) [classes/:?]
	at org.springframework.cglib.proxy.MethodProxy.invoke(MethodProxy.java:204) [spring-core-5.0.7.RELEASE.jar:5.0.7.RELEASE]
	at org.springframework.aop.framework.CglibAopProxy$DynamicAdvisedInterceptor.intercept(CglibAopProxy.java:684) [spring-aop-5.0.7.RELEASE.jar:5.0.7.RELEASE]
	at cms.web.action.lucene.TopicIndexManage$$EnhancerBySpringCGLIB$$b9a53daa.updateTopicIndex(<generated>) [classes/:?]
	at cms.web.action.quartz.Task.topicIndex(Task.java:27) [classes/:?]
	at sun.reflect.NativeMethodAccessorImpl.invoke0(Native Method) ~[?:1.8.0_181]
	at sun.reflect.NativeMethodAccessorImpl.invoke(NativeMethodAccessorImpl.java:62) ~[?:1.8.0_181]
	at sun.reflect.DelegatingMethodAccessorImpl.invoke(DelegatingMethodAccessorImpl.java:43) ~[?:1.8.0_181]
	at java.lang.reflect.Method.invoke(Method.java:498) ~[?:1.8.0_181]
	at org.springframework.scheduling.support.ScheduledMethodRunnable.run(ScheduledMethodRunnable.java:65) [spring-context-5.0.7.RELEASE.jar:5.0.7.RELEASE]
	at org.springframework.scheduling.support.DelegatingErrorHandlingRunnable.run(DelegatingErrorHandlingRunnable.java:54) [spring-context-5.0.7.RELEASE.jar:5.0.7.RELEASE]
	at org.springframework.scheduling.concurrent.ReschedulingRunnable.run(ReschedulingRunnable.java:93) [spring-context-5.0.7.RELEASE.jar:5.0.7.RELEASE]
	at java.util.concurrent.Executors$RunnableAdapter.call(Executors.java:511) [?:1.8.0_181]
	at java.util.concurrent.FutureTask.run(FutureTask.java:266) [?:1.8.0_181]
	at java.util.concurrent.ScheduledThreadPoolExecutor$ScheduledFutureTask.access$201(ScheduledThreadPoolExecutor.java:180) [?:1.8.0_181]
	at java.util.concurrent.ScheduledThreadPoolExecutor$ScheduledFutureTask.run(ScheduledThreadPoolExecutor.java:293) [?:1.8.0_181]
	at java.util.concurrent.ThreadPoolExecutor.runWorker(ThreadPoolExecutor.java:1149) [?:1.8.0_181]
	at java.util.concurrent.ThreadPoolExecutor$Worker.run(ThreadPoolExecutor.java:624) [?:1.8.0_181]
	at java.lang.Thread.run(Thread.java:748) [?:1.8.0_181]
2021-05-02 16:12:00 [ ERROR ] [ cms.web.action.lucene.TopicIndexManage ] 更新话题索引(由定时器触发)
java.lang.IllegalArgumentException: value must not be null
	at org.apache.lucene.document.Field.<init>(Field.java:239) ~[lucene-core-7.2.1.jar:7.2.1 b2b6438b37073bee1fca40374e85bf91aa457c0b - ubuntu - 2018-01-10 00:48:43]
	at org.apache.lucene.document.TextField.<init>(TextField.java:67) ~[lucene-core-7.2.1.jar:7.2.1 b2b6438b37073bee1fca40374e85bf91aa457c0b - ubuntu - 2018-01-10 00:48:43]
	at cms.web.action.lucene.TopicLuceneManage.addIndex(TopicLuceneManage.java:108) ~[classes/:?]
	at cms.web.action.lucene.TopicIndexManage.updateTopicIndex(TopicIndexManage.java:122) [classes/:?]
	at cms.web.action.lucene.TopicIndexManage$$FastClassBySpringCGLIB$$1d7ccefb.invoke(<generated>) [classes/:?]
	at org.springframework.cglib.proxy.MethodProxy.invoke(MethodProxy.java:204) [spring-core-5.0.7.RELEASE.jar:5.0.7.RELEASE]
	at org.springframework.aop.framework.CglibAopProxy$DynamicAdvisedInterceptor.intercept(CglibAopProxy.java:684) [spring-aop-5.0.7.RELEASE.jar:5.0.7.RELEASE]
	at cms.web.action.lucene.TopicIndexManage$$EnhancerBySpringCGLIB$$b9a53daa.updateTopicIndex(<generated>) [classes/:?]
	at cms.web.action.quartz.Task.topicIndex(Task.java:27) [classes/:?]
	at sun.reflect.NativeMethodAccessorImpl.invoke0(Native Method) ~[?:1.8.0_181]
	at sun.reflect.NativeMethodAccessorImpl.invoke(NativeMethodAccessorImpl.java:62) ~[?:1.8.0_181]
	at sun.reflect.DelegatingMethodAccessorImpl.invoke(DelegatingMethodAccessorImpl.java:43) ~[?:1.8.0_181]
	at java.lang.reflect.Method.invoke(Method.java:498) ~[?:1.8.0_181]
	at org.springframework.scheduling.support.ScheduledMethodRunnable.run(ScheduledMethodRunnable.java:65) [spring-context-5.0.7.RELEASE.jar:5.0.7.RELEASE]
	at org.springframework.scheduling.support.DelegatingErrorHandlingRunnable.run(DelegatingErrorHandlingRunnable.java:54) [spring-context-5.0.7.RELEASE.jar:5.0.7.RELEASE]
	at org.springframework.scheduling.concurrent.ReschedulingRunnable.run(ReschedulingRunnable.java:93) [spring-context-5.0.7.RELEASE.jar:5.0.7.RELEASE]
	at java.util.concurrent.Executors$RunnableAdapter.call(Executors.java:511) [?:1.8.0_181]
	at java.util.concurrent.FutureTask.run(FutureTask.java:266) [?:1.8.0_181]
	at java.util.concurrent.ScheduledThreadPoolExecutor$ScheduledFutureTask.access$201(ScheduledThreadPoolExecutor.java:180) [?:1.8.0_181]
	at java.util.concurrent.ScheduledThreadPoolExecutor$ScheduledFutureTask.run(ScheduledThreadPoolExecutor.java:293) [?:1.8.0_181]
	at java.util.concurrent.ThreadPoolExecutor.runWorker(ThreadPoolExecutor.java:1149) [?:1.8.0_181]
	at java.util.concurrent.ThreadPoolExecutor$Worker.run(ThreadPoolExecutor.java:624) [?:1.8.0_181]
	at java.lang.Thread.run(Thread.java:748) [?:1.8.0_181]
2021-05-02 16:22:00 [ ERROR ] [ cms.web.action.lucene.TopicIndexManage ] 更新话题索引(由定时器触发)
java.lang.IllegalArgumentException: value must not be null
	at org.apache.lucene.document.Field.<init>(Field.java:239) ~[lucene-core-7.2.1.jar:7.2.1 b2b6438b37073bee1fca40374e85bf91aa457c0b - ubuntu - 2018-01-10 00:48:43]
	at org.apache.lucene.document.TextField.<init>(TextField.java:67) ~[lucene-core-7.2.1.jar:7.2.1 b2b6438b37073bee1fca40374e85bf91aa457c0b - ubuntu - 2018-01-10 00:48:43]
	at cms.web.action.lucene.TopicLuceneManage.addIndex(TopicLuceneManage.java:108) ~[classes/:?]
	at cms.web.action.lucene.TopicIndexManage.updateTopicIndex(TopicIndexManage.java:122) [classes/:?]
	at cms.web.action.lucene.TopicIndexManage$$FastClassBySpringCGLIB$$1d7ccefb.invoke(<generated>) [classes/:?]
	at org.springframework.cglib.proxy.MethodProxy.invoke(MethodProxy.java:204) [spring-core-5.0.7.RELEASE.jar:5.0.7.RELEASE]
	at org.springframework.aop.framework.CglibAopProxy$DynamicAdvisedInterceptor.intercept(CglibAopProxy.java:684) [spring-aop-5.0.7.RELEASE.jar:5.0.7.RELEASE]
	at cms.web.action.lucene.TopicIndexManage$$EnhancerBySpringCGLIB$$b9a53daa.updateTopicIndex(<generated>) [classes/:?]
	at cms.web.action.quartz.Task.topicIndex(Task.java:27) [classes/:?]
	at sun.reflect.GeneratedMethodAccessor192.invoke(Unknown Source) ~[?:?]
	at sun.reflect.DelegatingMethodAccessorImpl.invoke(DelegatingMethodAccessorImpl.java:43) ~[?:1.8.0_181]
	at java.lang.reflect.Method.invoke(Method.java:498) ~[?:1.8.0_181]
	at org.springframework.scheduling.support.ScheduledMethodRunnable.run(ScheduledMethodRunnable.java:65) [spring-context-5.0.7.RELEASE.jar:5.0.7.RELEASE]
	at org.springframework.scheduling.support.DelegatingErrorHandlingRunnable.run(DelegatingErrorHandlingRunnable.java:54) [spring-context-5.0.7.RELEASE.jar:5.0.7.RELEASE]
	at org.springframework.scheduling.concurrent.ReschedulingRunnable.run(ReschedulingRunnable.java:93) [spring-context-5.0.7.RELEASE.jar:5.0.7.RELEASE]
	at java.util.concurrent.Executors$RunnableAdapter.call(Executors.java:511) [?:1.8.0_181]
	at java.util.concurrent.FutureTask.run(FutureTask.java:266) [?:1.8.0_181]
	at java.util.concurrent.ScheduledThreadPoolExecutor$ScheduledFutureTask.access$201(ScheduledThreadPoolExecutor.java:180) [?:1.8.0_181]
	at java.util.concurrent.ScheduledThreadPoolExecutor$ScheduledFutureTask.run(ScheduledThreadPoolExecutor.java:293) [?:1.8.0_181]
	at java.util.concurrent.ThreadPoolExecutor.runWorker(ThreadPoolExecutor.java:1149) [?:1.8.0_181]
	at java.util.concurrent.ThreadPoolExecutor$Worker.run(ThreadPoolExecutor.java:624) [?:1.8.0_181]
	at java.lang.Thread.run(Thread.java:748) [?:1.8.0_181]
2021-05-02 16:23:00 [ ERROR ] [ cms.web.action.lucene.TopicIndexManage ] 更新话题索引(由定时器触发)
java.lang.IllegalArgumentException: value must not be null
	at org.apache.lucene.document.Field.<init>(Field.java:239) ~[lucene-core-7.2.1.jar:7.2.1 b2b6438b37073bee1fca40374e85bf91aa457c0b - ubuntu - 2018-01-10 00:48:43]
	at org.apache.lucene.document.TextField.<init>(TextField.java:67) ~[lucene-core-7.2.1.jar:7.2.1 b2b6438b37073bee1fca40374e85bf91aa457c0b - ubuntu - 2018-01-10 00:48:43]
	at cms.web.action.lucene.TopicLuceneManage.addIndex(TopicLuceneManage.java:108) ~[classes/:?]
	at cms.web.action.lucene.TopicIndexManage.updateTopicIndex(TopicIndexManage.java:122) [classes/:?]
	at cms.web.action.lucene.TopicIndexManage$$FastClassBySpringCGLIB$$1d7ccefb.invoke(<generated>) [classes/:?]
	at org.springframework.cglib.proxy.MethodProxy.invoke(MethodProxy.java:204) [spring-core-5.0.7.RELEASE.jar:5.0.7.RELEASE]
	at org.springframework.aop.framework.CglibAopProxy$DynamicAdvisedInterceptor.intercept(CglibAopProxy.java:684) [spring-aop-5.0.7.RELEASE.jar:5.0.7.RELEASE]
	at cms.web.action.lucene.TopicIndexManage$$EnhancerBySpringCGLIB$$b9a53daa.updateTopicIndex(<generated>) [classes/:?]
	at cms.web.action.quartz.Task.topicIndex(Task.java:27) [classes/:?]
	at sun.reflect.GeneratedMethodAccessor192.invoke(Unknown Source) ~[?:?]
	at sun.reflect.DelegatingMethodAccessorImpl.invoke(DelegatingMethodAccessorImpl.java:43) ~[?:1.8.0_181]
	at java.lang.reflect.Method.invoke(Method.java:498) ~[?:1.8.0_181]
	at org.springframework.scheduling.support.ScheduledMethodRunnable.run(ScheduledMethodRunnable.java:65) [spring-context-5.0.7.RELEASE.jar:5.0.7.RELEASE]
	at org.springframework.scheduling.support.DelegatingErrorHandlingRunnable.run(DelegatingErrorHandlingRunnable.java:54) [spring-context-5.0.7.RELEASE.jar:5.0.7.RELEASE]
	at org.springframework.scheduling.concurrent.ReschedulingRunnable.run(ReschedulingRunnable.java:93) [spring-context-5.0.7.RELEASE.jar:5.0.7.RELEASE]
	at java.util.concurrent.Executors$RunnableAdapter.call(Executors.java:511) [?:1.8.0_181]
	at java.util.concurrent.FutureTask.run(FutureTask.java:266) [?:1.8.0_181]
	at java.util.concurrent.ScheduledThreadPoolExecutor$ScheduledFutureTask.access$201(ScheduledThreadPoolExecutor.java:180) [?:1.8.0_181]
	at java.util.concurrent.ScheduledThreadPoolExecutor$ScheduledFutureTask.run(ScheduledThreadPoolExecutor.java:293) [?:1.8.0_181]
	at java.util.concurrent.ThreadPoolExecutor.runWorker(ThreadPoolExecutor.java:1149) [?:1.8.0_181]
	at java.util.concurrent.ThreadPoolExecutor$Worker.run(ThreadPoolExecutor.java:624) [?:1.8.0_181]
	at java.lang.Thread.run(Thread.java:748) [?:1.8.0_181]
2021-05-02 16:27:00 [ ERROR ] [ cms.web.action.lucene.TopicIndexManage ] 更新话题索引(由定时器触发)
java.lang.IllegalArgumentException: value must not be null
	at org.apache.lucene.document.Field.<init>(Field.java:239) ~[lucene-core-7.2.1.jar:7.2.1 b2b6438b37073bee1fca40374e85bf91aa457c0b - ubuntu - 2018-01-10 00:48:43]
	at org.apache.lucene.document.TextField.<init>(TextField.java:67) ~[lucene-core-7.2.1.jar:7.2.1 b2b6438b37073bee1fca40374e85bf91aa457c0b - ubuntu - 2018-01-10 00:48:43]
	at cms.web.action.lucene.TopicLuceneManage.addIndex(TopicLuceneManage.java:108) ~[classes/:?]
	at cms.web.action.lucene.TopicIndexManage.updateTopicIndex(TopicIndexManage.java:122) [classes/:?]
	at cms.web.action.lucene.TopicIndexManage$$FastClassBySpringCGLIB$$1d7ccefb.invoke(<generated>) [classes/:?]
	at org.springframework.cglib.proxy.MethodProxy.invoke(MethodProxy.java:204) [spring-core-5.0.7.RELEASE.jar:5.0.7.RELEASE]
	at org.springframework.aop.framework.CglibAopProxy$DynamicAdvisedInterceptor.intercept(CglibAopProxy.java:684) [spring-aop-5.0.7.RELEASE.jar:5.0.7.RELEASE]
	at cms.web.action.lucene.TopicIndexManage$$EnhancerBySpringCGLIB$$b9a53daa.updateTopicIndex(<generated>) [classes/:?]
	at cms.web.action.quartz.Task.topicIndex(Task.java:27) [classes/:?]
	at sun.reflect.GeneratedMethodAccessor192.invoke(Unknown Source) ~[?:?]
	at sun.reflect.DelegatingMethodAccessorImpl.invoke(DelegatingMethodAccessorImpl.java:43) ~[?:1.8.0_181]
	at java.lang.reflect.Method.invoke(Method.java:498) ~[?:1.8.0_181]
	at org.springframework.scheduling.support.ScheduledMethodRunnable.run(ScheduledMethodRunnable.java:65) [spring-context-5.0.7.RELEASE.jar:5.0.7.RELEASE]
	at org.springframework.scheduling.support.DelegatingErrorHandlingRunnable.run(DelegatingErrorHandlingRunnable.java:54) [spring-context-5.0.7.RELEASE.jar:5.0.7.RELEASE]
	at org.springframework.scheduling.concurrent.ReschedulingRunnable.run(ReschedulingRunnable.java:93) [spring-context-5.0.7.RELEASE.jar:5.0.7.RELEASE]
	at java.util.concurrent.Executors$RunnableAdapter.call(Executors.java:511) [?:1.8.0_181]
	at java.util.concurrent.FutureTask.run(FutureTask.java:266) [?:1.8.0_181]
	at java.util.concurrent.ScheduledThreadPoolExecutor$ScheduledFutureTask.access$201(ScheduledThreadPoolExecutor.java:180) [?:1.8.0_181]
	at java.util.concurrent.ScheduledThreadPoolExecutor$ScheduledFutureTask.run(ScheduledThreadPoolExecutor.java:293) [?:1.8.0_181]
	at java.util.concurrent.ThreadPoolExecutor.runWorker(ThreadPoolExecutor.java:1149) [?:1.8.0_181]
	at java.util.concurrent.ThreadPoolExecutor$Worker.run(ThreadPoolExecutor.java:624) [?:1.8.0_181]
	at java.lang.Thread.run(Thread.java:748) [?:1.8.0_181]
2021-05-02 16:44:00 [ ERROR ] [ cms.web.action.lucene.TopicIndexManage ] 更新话题索引(由定时器触发)
java.lang.IllegalArgumentException: value must not be null
	at org.apache.lucene.document.Field.<init>(Field.java:239) ~[lucene-core-7.2.1.jar:7.2.1 b2b6438b37073bee1fca40374e85bf91aa457c0b - ubuntu - 2018-01-10 00:48:43]
	at org.apache.lucene.document.TextField.<init>(TextField.java:67) ~[lucene-core-7.2.1.jar:7.2.1 b2b6438b37073bee1fca40374e85bf91aa457c0b - ubuntu - 2018-01-10 00:48:43]
	at cms.web.action.lucene.TopicLuceneManage.addIndex(TopicLuceneManage.java:108) ~[classes/:?]
	at cms.web.action.lucene.TopicIndexManage.updateTopicIndex(TopicIndexManage.java:122) [classes/:?]
	at cms.web.action.lucene.TopicIndexManage$$FastClassBySpringCGLIB$$1d7ccefb.invoke(<generated>) [classes/:?]
	at org.springframework.cglib.proxy.MethodProxy.invoke(MethodProxy.java:204) [spring-core-5.0.7.RELEASE.jar:5.0.7.RELEASE]
	at org.springframework.aop.framework.CglibAopProxy$DynamicAdvisedInterceptor.intercept(CglibAopProxy.java:684) [spring-aop-5.0.7.RELEASE.jar:5.0.7.RELEASE]
	at cms.web.action.lucene.TopicIndexManage$$EnhancerBySpringCGLIB$$b11eecec.updateTopicIndex(<generated>) [classes/:?]
	at cms.web.action.quartz.Task.topicIndex(Task.java:27) [classes/:?]
	at sun.reflect.NativeMethodAccessorImpl.invoke0(Native Method) ~[?:1.8.0_181]
	at sun.reflect.NativeMethodAccessorImpl.invoke(NativeMethodAccessorImpl.java:62) ~[?:1.8.0_181]
	at sun.reflect.DelegatingMethodAccessorImpl.invoke(DelegatingMethodAccessorImpl.java:43) ~[?:1.8.0_181]
	at java.lang.reflect.Method.invoke(Method.java:498) ~[?:1.8.0_181]
	at org.springframework.scheduling.support.ScheduledMethodRunnable.run(ScheduledMethodRunnable.java:65) [spring-context-5.0.7.RELEASE.jar:5.0.7.RELEASE]
	at org.springframework.scheduling.support.DelegatingErrorHandlingRunnable.run(DelegatingErrorHandlingRunnable.java:54) [spring-context-5.0.7.RELEASE.jar:5.0.7.RELEASE]
	at org.springframework.scheduling.concurrent.ReschedulingRunnable.run(ReschedulingRunnable.java:93) [spring-context-5.0.7.RELEASE.jar:5.0.7.RELEASE]
	at java.util.concurrent.Executors$RunnableAdapter.call(Executors.java:511) [?:1.8.0_181]
	at java.util.concurrent.FutureTask.run(FutureTask.java:266) [?:1.8.0_181]
	at java.util.concurrent.ScheduledThreadPoolExecutor$ScheduledFutureTask.access$201(ScheduledThreadPoolExecutor.java:180) [?:1.8.0_181]
	at java.util.concurrent.ScheduledThreadPoolExecutor$ScheduledFutureTask.run(ScheduledThreadPoolExecutor.java:293) [?:1.8.0_181]
	at java.util.concurrent.ThreadPoolExecutor.runWorker(ThreadPoolExecutor.java:1149) [?:1.8.0_181]
	at java.util.concurrent.ThreadPoolExecutor$Worker.run(ThreadPoolExecutor.java:624) [?:1.8.0_181]
	at java.lang.Thread.run(Thread.java:748) [?:1.8.0_181]
2021-05-02 16:49:00 [ ERROR ] [ cms.web.action.lucene.TopicIndexManage ] 更新话题索引(由定时器触发)
java.lang.IllegalArgumentException: value must not be null
	at org.apache.lucene.document.Field.<init>(Field.java:239) ~[lucene-core-7.2.1.jar:7.2.1 b2b6438b37073bee1fca40374e85bf91aa457c0b - ubuntu - 2018-01-10 00:48:43]
	at org.apache.lucene.document.TextField.<init>(TextField.java:67) ~[lucene-core-7.2.1.jar:7.2.1 b2b6438b37073bee1fca40374e85bf91aa457c0b - ubuntu - 2018-01-10 00:48:43]
	at cms.web.action.lucene.TopicLuceneManage.addIndex(TopicLuceneManage.java:108) ~[classes/:?]
	at cms.web.action.lucene.TopicIndexManage.updateTopicIndex(TopicIndexManage.java:122) [classes/:?]
	at cms.web.action.lucene.TopicIndexManage$$FastClassBySpringCGLIB$$1d7ccefb.invoke(<generated>) [classes/:?]
	at org.springframework.cglib.proxy.MethodProxy.invoke(MethodProxy.java:204) [spring-core-5.0.7.RELEASE.jar:5.0.7.RELEASE]
	at org.springframework.aop.framework.CglibAopProxy$DynamicAdvisedInterceptor.intercept(CglibAopProxy.java:684) [spring-aop-5.0.7.RELEASE.jar:5.0.7.RELEASE]
	at cms.web.action.lucene.TopicIndexManage$$EnhancerBySpringCGLIB$$4ab7d255.updateTopicIndex(<generated>) [classes/:?]
	at cms.web.action.quartz.Task.topicIndex(Task.java:27) [classes/:?]
	at sun.reflect.NativeMethodAccessorImpl.invoke0(Native Method) ~[?:1.8.0_181]
	at sun.reflect.NativeMethodAccessorImpl.invoke(NativeMethodAccessorImpl.java:62) ~[?:1.8.0_181]
	at sun.reflect.DelegatingMethodAccessorImpl.invoke(DelegatingMethodAccessorImpl.java:43) ~[?:1.8.0_181]
	at java.lang.reflect.Method.invoke(Method.java:498) ~[?:1.8.0_181]
	at org.springframework.scheduling.support.ScheduledMethodRunnable.run(ScheduledMethodRunnable.java:65) [spring-context-5.0.7.RELEASE.jar:5.0.7.RELEASE]
	at org.springframework.scheduling.support.DelegatingErrorHandlingRunnable.run(DelegatingErrorHandlingRunnable.java:54) [spring-context-5.0.7.RELEASE.jar:5.0.7.RELEASE]
	at org.springframework.scheduling.concurrent.ReschedulingRunnable.run(ReschedulingRunnable.java:93) [spring-context-5.0.7.RELEASE.jar:5.0.7.RELEASE]
	at java.util.concurrent.Executors$RunnableAdapter.call(Executors.java:511) [?:1.8.0_181]
	at java.util.concurrent.FutureTask.run(FutureTask.java:266) [?:1.8.0_181]
	at java.util.concurrent.ScheduledThreadPoolExecutor$ScheduledFutureTask.access$201(ScheduledThreadPoolExecutor.java:180) [?:1.8.0_181]
	at java.util.concurrent.ScheduledThreadPoolExecutor$ScheduledFutureTask.run(ScheduledThreadPoolExecutor.java:293) [?:1.8.0_181]
	at java.util.concurrent.ThreadPoolExecutor.runWorker(ThreadPoolExecutor.java:1149) [?:1.8.0_181]
	at java.util.concurrent.ThreadPoolExecutor$Worker.run(ThreadPoolExecutor.java:624) [?:1.8.0_181]
	at java.lang.Thread.run(Thread.java:748) [?:1.8.0_181]
2021-05-02 16:51:00 [ ERROR ] [ cms.web.action.lucene.TopicIndexManage ] 更新话题索引(由定时器触发)
java.lang.IllegalArgumentException: value must not be null
	at org.apache.lucene.document.Field.<init>(Field.java:239) ~[lucene-core-7.2.1.jar:7.2.1 b2b6438b37073bee1fca40374e85bf91aa457c0b - ubuntu - 2018-01-10 00:48:43]
	at org.apache.lucene.document.TextField.<init>(TextField.java:67) ~[lucene-core-7.2.1.jar:7.2.1 b2b6438b37073bee1fca40374e85bf91aa457c0b - ubuntu - 2018-01-10 00:48:43]
	at cms.web.action.lucene.TopicLuceneManage.addIndex(TopicLuceneManage.java:108) ~[classes/:?]
	at cms.web.action.lucene.TopicIndexManage.updateTopicIndex(TopicIndexManage.java:122) [classes/:?]
	at cms.web.action.lucene.TopicIndexManage$$FastClassBySpringCGLIB$$1d7ccefb.invoke(<generated>) [classes/:?]
	at org.springframework.cglib.proxy.MethodProxy.invoke(MethodProxy.java:204) [spring-core-5.0.7.RELEASE.jar:5.0.7.RELEASE]
	at org.springframework.aop.framework.CglibAopProxy$DynamicAdvisedInterceptor.intercept(CglibAopProxy.java:684) [spring-aop-5.0.7.RELEASE.jar:5.0.7.RELEASE]
	at cms.web.action.lucene.TopicIndexManage$$EnhancerBySpringCGLIB$$4ab7d255.updateTopicIndex(<generated>) [classes/:?]
	at cms.web.action.quartz.Task.topicIndex(Task.java:27) [classes/:?]
	at sun.reflect.NativeMethodAccessorImpl.invoke0(Native Method) ~[?:1.8.0_181]
	at sun.reflect.NativeMethodAccessorImpl.invoke(NativeMethodAccessorImpl.java:62) ~[?:1.8.0_181]
	at sun.reflect.DelegatingMethodAccessorImpl.invoke(DelegatingMethodAccessorImpl.java:43) ~[?:1.8.0_181]
	at java.lang.reflect.Method.invoke(Method.java:498) ~[?:1.8.0_181]
	at org.springframework.scheduling.support.ScheduledMethodRunnable.run(ScheduledMethodRunnable.java:65) [spring-context-5.0.7.RELEASE.jar:5.0.7.RELEASE]
	at org.springframework.scheduling.support.DelegatingErrorHandlingRunnable.run(DelegatingErrorHandlingRunnable.java:54) [spring-context-5.0.7.RELEASE.jar:5.0.7.RELEASE]
	at org.springframework.scheduling.concurrent.ReschedulingRunnable.run(ReschedulingRunnable.java:93) [spring-context-5.0.7.RELEASE.jar:5.0.7.RELEASE]
	at java.util.concurrent.Executors$RunnableAdapter.call(Executors.java:511) [?:1.8.0_181]
	at java.util.concurrent.FutureTask.run(FutureTask.java:266) [?:1.8.0_181]
	at java.util.concurrent.ScheduledThreadPoolExecutor$ScheduledFutureTask.access$201(ScheduledThreadPoolExecutor.java:180) [?:1.8.0_181]
	at java.util.concurrent.ScheduledThreadPoolExecutor$ScheduledFutureTask.run(ScheduledThreadPoolExecutor.java:293) [?:1.8.0_181]
	at java.util.concurrent.ThreadPoolExecutor.runWorker(ThreadPoolExecutor.java:1149) [?:1.8.0_181]
	at java.util.concurrent.ThreadPoolExecutor$Worker.run(ThreadPoolExecutor.java:624) [?:1.8.0_181]
	at java.lang.Thread.run(Thread.java:748) [?:1.8.0_181]
